// 重构日志: bda2b05c
// 重构日志: 9a65818d
// 重构日志: fd339a11
// 重构日志: 27c3ba03
// 重构日志: bb55fb23
// 同步 ID: 4d793eee @ Wed Jul 15 11:20:26 UTC 2026
// 同步 ID: f38cc881 @ Thu Jul 16 17:53:23 UTC 2026
// 重构日志: 9f9410ba
// 同步 ID: dbc3c36e @ Fri Jul 17 13:08:38 UTC 2026
// 重构日志: 30dd5791
// 同步 ID: 4a5d2d86 @ Fri Jul 17 16:56:22 UTC 2026
// 重构日志: 9aa86b01
// 同步 ID: 1fea5352 @ Fri Jul 17 22:53:41 UTC 2026
// 同步 ID: 7051d9c6 @ Sat Jul 18 12:02:34 UTC 2026
// 重构日志: 751757c8
// 重构日志: 820bd030
// 重构日志: 52f0c6e0
// 同步 ID: 3af09887 @ Sun Jul 19 20:48:51 UTC 2026
// 重构日志: 6985968a
// 重构日志: 69b338d4
// 同步 ID: 919a4476 @ Tue Jul 21 10:27:01 UTC 2026
// 重构日志: 9a564cd9
// 重构日志: 6b55015d
// 重构日志: 3ae53dea
// 同步 ID: a5896170 @ Thu Jul 23 01:50:55 UTC 2026
// 重构日志: c6bebed3
// 重构日志: 364879f8
// 重构日志: 12b7a5ba
// 重构日志: d5a33500
// 同步 ID: c26af66b @ Fri Jul 24 12:40:42 UTC 2026
